[INFO] Error stacktraces are turned on.
[INFO] Scanning for projects...
[INFO] 
[INFO] --------------------------< com.demo:empcrm >---------------------------
[INFO] Building empcrm 0.0.1-SNAPSHOT
[INFO]   from pom.xml
[INFO] --------------------------------[ war ]---------------------------------
[INFO] 
[INFO] --- clean:3.3.2:clean (default-clean) @ empcrm ---
[INFO] Deleting C:\Users\kashi\OneDrive\Desktop\EmployeeManagementSystem\employee-management-system-backend\employee-management-system-backend\target
[INFO] 
[INFO] --- resources:3.3.1:resources (default-resources) @ empcrm ---
[INFO] Copying 1 resource from src\main\resources to target\classes
[INFO] Copying 0 resource from src\main\resources to target\classes
[INFO] 
[INFO] --- compiler:3.11.0:compile (default-compile) @ empcrm ---
[INFO] Changes detected - recompiling the module! :source
[INFO] Compiling 459 source files with javac [debug release 17] to target\classes
[WARNING] /C:/Users/kashi/OneDrive/Desktop/EmployeeManagementSystem/employee-management-system-backend/employee-management-system-backend/src/main/java/com/schoolapp/entity/InquirySchedule.java:[24,17] @Builder will ignore the initializing expression entirely. If you want the initializing expression to serve as default, add @Builder.Default. If it is not supposed to be settable during building, make the field final.
[WARNING] /C:/Users/kashi/OneDrive/Desktop/EmployeeManagementSystem/employee-management-system-backend/employee-management-system-backend/src/main/java/com/schoolapp/entity/InquirySchedule.java:[25,17] @Builder will ignore the initializing expression entirely. If you want the initializing expression to serve as default, add @Builder.Default. If it is not supposed to be settable during building, make the field final.
[INFO] ------------------------------------------------------------------------
[INFO] BUILD SUCCESS
[INFO] ------------------------------------------------------------------------
[INFO] Total time:  55.084 s
[INFO] Finished at: 2026-02-24T13:27:33+05:30
[INFO] ------------------------------------------------------------------------
